[0.042s] Invoking command in '/home/uav/uav/unl_uav_repo/ros2_ws/build/px4_msgs': CMAKE_PREFIX_PATH=${CMAKE_PREFIX_PATH}:/home/uav/uav/unl_uav_repo/ros2_ws/install/px4_ctrl_ex:/opt/ros/humble /usr/bin/cmake /home/uav/uav/unl_uav_repo/ros2_ws/src/px4_msgs -DCMAKE_INSTALL_PREFIX=/home/uav/uav/unl_uav_repo/ros2_ws/install/px4_msgs
[0.641s] -- The C compiler identification is GNU 11.4.0
[1.095s] -- The CXX compiler identification is GNU 11.4.0
[1.140s] -- Detecting C compiler ABI info
[1.333s] -- Detecting C compiler ABI info - done
[1.357s] -- Check for working C compiler: /usr/bin/cc - skipped
[1.364s] -- Detecting C compile features
[1.367s] -- Detecting C compile features - done
[1.377s] -- Detecting CXX compiler ABI info
[1.596s] -- Detecting CXX compiler ABI info - done
[1.612s] -- Check for working CXX compiler: /usr/bin/c++ - skipped
[1.613s] -- Detecting CXX compile features
[1.614s] -- Detecting CXX compile features - done
[1.632s] -- Found ament_cmake: 1.3.12 (/opt/ros/humble/share/ament_cmake/cmake)
[2.094s] -- Found Python3: /usr/bin/python3 (found version "3.10.12") found components: Interpreter 
[2.430s] -- Found builtin_interfaces: 1.2.2 (/opt/ros/humble/share/builtin_interfaces/cmake)
[2.599s] -- Found rosidl_generator_c: 3.1.7 (/opt/ros/humble/share/rosidl_generator_c/cmake)
[2.624s] -- Found rosidl_adapter: 3.1.7 (/opt/ros/humble/share/rosidl_adapter/cmake)
[2.682s] -- Found rosidl_generator_cpp: 3.1.7 (/opt/ros/humble/share/rosidl_generator_cpp/cmake)
[2.758s] -- Using all available rosidl_typesupport_c: rosidl_typesupport_fastrtps_c;rosidl_typesupport_introspection_c
[2.823s] -- Using all available rosidl_typesupport_cpp: rosidl_typesupport_fastrtps_cpp;rosidl_typesupport_introspection_cpp
[2.885s] -- Found rosidl_default_generators: 1.2.0 (/opt/ros/humble/share/rosidl_default_generators/cmake)
[7.786s] -- Found ament_cmake_ros: 0.10.0 (/opt/ros/humble/share/ament_cmake_ros/cmake)
[8.865s] -- Using all available rosidl_typesupport_c: rosidl_typesupport_fastrtps_c;rosidl_typesupport_introspection_c
[9.313s] -- Using all available rosidl_typesupport_cpp: rosidl_typesupport_fastrtps_cpp;rosidl_typesupport_introspection_cpp
[9.384s] -- Found PythonInterp: /usr/bin/python3 (found suitable version "3.10.12", minimum required is "3.6") 
[9.397s] -- Found python_cmake_module: 0.10.0 (/opt/ros/humble/share/python_cmake_module/cmake)
[9.498s] -- Found PythonLibs: /usr/lib/aarch64-linux-gnu/libpython3.10.so (found suitable version "3.10.12", minimum required is "3.5") 
[9.499s] -- Using PYTHON_EXECUTABLE: /usr/bin/python3
[9.499s] -- Using PYTHON_INCLUDE_DIRS: /usr/include/python3.10
[9.499s] -- Using PYTHON_LIBRARIES: /usr/lib/aarch64-linux-gnu/libpython3.10.so
[9.552s] -- Found PythonExtra: .so  
[9.832s] -- Configuring done
[10.739s] -- Generating done
[10.847s] -- Build files have been written to: /home/uav/uav/unl_uav_repo/ros2_ws/build/px4_msgs
[10.907s] Invoked command in '/home/uav/uav/unl_uav_repo/ros2_ws/build/px4_msgs' returned '0': CMAKE_PREFIX_PATH=${CMAKE_PREFIX_PATH}:/home/uav/uav/unl_uav_repo/ros2_ws/install/px4_ctrl_ex:/opt/ros/humble /usr/bin/cmake /home/uav/uav/unl_uav_repo/ros2_ws/src/px4_msgs -DCMAKE_INSTALL_PREFIX=/home/uav/uav/unl_uav_repo/ros2_ws/install/px4_msgs
[10.913s] Invoking command in '/home/uav/uav/unl_uav_repo/ros2_ws/build/px4_msgs': CMAKE_PREFIX_PATH=${CMAKE_PREFIX_PATH}:/home/uav/uav/unl_uav_repo/ros2_ws/install/px4_ctrl_ex:/opt/ros/humble /usr/bin/cmake --build /home/uav/uav/unl_uav_repo/ros2_ws/build/px4_msgs -- -j6 -l6
[11.958s] [  0%] [34m[1mGenerating C++ code for ROS interfaces[0m
[127.634s] [  0%] Built target px4_msgs__cpp
[127.711s] [  0%] Built target ament_cmake_python_copy_px4_msgs
[127.760s] [  0%] [34m[1mGenerating C++ introspection for ROS interfaces[0m
[155.910s] gmake[2]: *** Deleting file 'rosidl_typesupport_introspection_cpp/px4_msgs/msg/detail/action_request__rosidl_typesupport_introspection_cpp.hpp'
[155.910s] Traceback (most recent call last):
[155.911s]   File "/opt/ros/humble/lib/rosidl_typesupport_introspection_cpp/rosidl_typesupport_introspection_cpp", line 31, in <module>
[155.911s]     sys.exit(main())
[155.911s]   File "/opt/ros/humble/lib/rosidl_typesupport_introspection_cpp/rosidl_typesupport_introspection_cpp", line 27, in main
[155.911s]     generate_cpp(args.generator_arguments_file)
[155.911s]   File "/opt/ros/humble/local/lib/python3.10/dist-packages/rosidl_typesupport_introspection_cpp/__init__.py", line 31, in generate_cpp
[155.911s]     return generate_files(generator_arguments_file, mapping)
[155.912s]   File "/opt/ros/humble/local/lib/python3.10/dist-packages/rosidl_cmake/__init__.py", line 87, in generate_files
[155.912s]     expand_template(
[155.912s]   File "/opt/ros/humble/local/lib/python3.10/dist-packages/rosidl_cmake/__init__.py", line 149, in expand_template
[155.912s]     interpreter.string(template_content, template_path, locals=data)
[155.912s]   File "/usr/lib/python3/dist-packages/em.py", line 2391, in string
[155.919s]     self.safe(scanner, True, locals)
[155.920s]   File "/usr/lib/python3/dist-packages/em.py", line 2401, in safe
[155.920s]     self.parse(scanner, locals)
[155.920s]   File "/usr/lib/python3/dist-packages/em.py", line 2421, in parse
[155.921s]     token.run(self, locals)
[155.921s]   File "/usr/lib/python3/dist-packages/em.py", line 1547, in run
[155.921s]     self.subrun(info[0][1], interpreter, locals)
[155.921s]   File "/usr/lib/python3/dist-packages/em.py", line 1631, in subrun
[155.922s]     token.run(interpreter, locals)
[155.922s]   File "/usr/lib/python3/dist-packages/em.py", line 1425, in run
[155.922s]     interpreter.execute(self.code, locals)
[155.922s]   File "/usr/lib/python3/dist-packages/em.py", line 2596, in execute
[155.923s]     _exec(statements, self.globals, locals)
[155.923s]   File "<string>", line 2, in <module>
[155.923s]   File "/opt/ros/humble/local/lib/python3.10/dist-packages/rosidl_cmake/__init__.py", line 198, in _expand_template
[155.923s]     interpreter.string(content, str(template_path), kwargs)
[155.924s]   File "/usr/lib/python3/dist-packages/em.py", line 2391, in string
[155.924s]     self.safe(scanner, True, locals)
[155.924s]   File "/usr/lib/python3/dist-packages/em.py", line 2401, in safe
[155.924s]     self.parse(scanner, locals)
[155.924s]   File "/usr/lib/python3/dist-packages/em.py", line 2421, in parse
[155.925s]     token.run(self, locals)
[155.925s]   File "/usr/lib/python3/dist-packages/em.py", line 1333, in run
[155.925s]     result = interpreter.evaluate(self.testCode, locals)
[155.926s]   File "/usr/lib/python3/dist-packages/em.py", line 2573, in evaluate
[155.926s]     result = eval(expression, self.globals, locals)
[155.927s]   File "<string>", line 1, in <module>
[155.927s] KeyboardInterrupt
[156.002s] Exception ignored in: <function Interpreter.__del__ at 0xffff83c44160>
[156.002s] Traceback (most recent call last):
[156.003s]   File "/usr/lib/python3/dist-packages/em.py", line 2094, in __del__
[156.003s]   File "/usr/lib/python3/dist-packages/em.py", line 2157, in shutdown
[156.003s]   File "/usr/lib/python3/dist-packages/em.py", line 2647, in finalize
[156.003s]   File "/usr/lib/python3/dist-packages/em.py", line 2200, in push
[156.003s] AttributeError: '_io.TextIOWrapper' object has no attribute 'push'
[156.031s] gmake[2]: *** [CMakeFiles/px4_msgs__rosidl_typesupport_introspection_cpp.dir/build.make:319: rosidl_typesupport_introspection_cpp/px4_msgs/msg/detail/action_request__rosidl_typesupport_introspection_cpp.hpp] Interrupt
[156.031s] gmake[1]: *** [CMakeFiles/Makefile2:368: CMakeFiles/px4_msgs__rosidl_typesupport_introspection_cpp.dir/all] Interrupt
[156.032s] gmake: *** [Makefile:146: all] Interrupt
[156.040s] Invoked command in '/home/uav/uav/unl_uav_repo/ros2_ws/build/px4_msgs' returned '-2': CMAKE_PREFIX_PATH=${CMAKE_PREFIX_PATH}:/home/uav/uav/unl_uav_repo/ros2_ws/install/px4_ctrl_ex:/opt/ros/humble /usr/bin/cmake --build /home/uav/uav/unl_uav_repo/ros2_ws/build/px4_msgs -- -j6 -l6
